<?xml version="1.0" encoding="UTF-8"?>
<!-- Generated by org.testng.reporters.JUnitReportReporter -->
<testsuite hostname="Deeksha" failures="0" tests="1" name="automationtasks.testCases.Testcase_001" time="3.672" errors="0" timestamp="2024-12-28T22:19:27 IST" skipped="0">
  <testcase classname="automationtasks.testCases.Testcase_001" name="mobiles" time="3.672"/>
</testsuite> <!-- automationtasks.testCases.Testcase_001 -->
