<?xml version="1.0" encoding="UTF-8"?>
<!-- Generated by org.testng.reporters.JUnitReportReporter -->
<testsuite hostname="Deeksha" failures="0" tests="1" name="automationtasks.testCases.base" time="7.259" errors="0" timestamp="2024-12-31T18:40:41 IST" skipped="0">
  <testcase classname="automationtasks.testCases.base" name="task5" time="7.259"/>
</testsuite> <!-- automationtasks.testCases.base -->
