<?xml version="1.0" encoding="UTF-8"?>
<!-- Generated by org.testng.reporters.JUnitReportReporter -->
<testsuite hostname="Deeksha" failures="0" tests="2" name="automationtasks.testCases.base" time="8.024" errors="0" timestamp="2024-12-29T20:10:47 IST" skipped="0">
  <testcase classname="automationtasks.testCases.base" name="task1" time="3.674"/>
  <testcase classname="automationtasks.testCases.base" name="task2" time="4.350"/>
</testsuite> <!-- automationtasks.testCases.base -->
