<?xml version="1.0" encoding="UTF-8"?>
<!-- Generated by org.testng.reporters.JUnitReportReporter -->
<testsuite hostname="Deeksha" failures="0" tests="1" name="automationtasks.testCases.base" time="3.079" errors="0" timestamp="2024-12-30T13:05:33 IST" skipped="0">
  <testcase classname="automationtasks.testCases.base" name="task1" time="3.079"/>
</testsuite> <!-- automationtasks.testCases.base -->
